SF:lib/src/presentation/pages/auth/login_page.dart
DA:10,5
DA:12,4
DA:13,4
DA:22,0
DA:23,0
DA:24,0
DA:25,0
DA:28,4
DA:30,8
DA:31,8
DA:32,4
DA:35,4
DA:37,4
DA:38,4
DA:42,4
DA:43,4
DA:44,4
DA:45,2
DA:46,1
DA:47,2
DA:51,4
DA:52,2
DA:61,4
DA:62,4
DA:63,4
DA:64,4
DA:65,16
DA:70,4
DA:71,4
DA:72,4
DA:74,4
DA:83,4
DA:85,4
DA:88,1
DA:92,1
DA:93,1
DA:100,4
DA:102,4
DA:104,4
DA:105,1
DA:109,4
DA:111,4
DA:112,4
DA:116,1
DA:117,2
DA:118,2
DA:122,1
DA:123,1
DA:126,2
DA:133,4
DA:137,4
DA:139,1
DA:140,3
DA:141,2
DA:142,1
DA:143,2
DA:144,2
DA:152,4
DA:154,0
DA:155,0
DA:156,0
DA:158,0
DA:159,0
LF:63
LH:54
end_of_record
SF:lib/src/presentation/bloc/auth_bloc.dart
DA:15,0
DA:20,0
DA:21,0
DA:22,0
DA:23,0
DA:24,0
DA:27,0
DA:31,0
DA:33,0
DA:34,0
DA:36,0
DA:39,0
DA:41,0
DA:42,0
DA:43,0
DA:44,0
DA:45,0
DA:46,0
DA:47,0
DA:48,0
DA:49,0
DA:50,0
DA:52,0
DA:53,0
DA:54,0
DA:56,0
DA:57,0
DA:58,0
DA:61,0
DA:66,0
DA:70,0
DA:72,0
DA:73,0
DA:74,0
DA:75,0
DA:76,0
DA:79,0
DA:82,0
DA:84,0
DA:85,0
DA:86,0
DA:87,0
DA:88,0
DA:90,0
DA:91,0
DA:92,0
DA:94,0
DA:95,0
DA:96,0
DA:99,0
DA:104,0
DA:108,0
DA:110,0
DA:111,0
DA:113,0
DA:117,0
DA:121,0
DA:123,0
DA:125,0
DA:127,0
DA:130,0
LF:61
LH:0
end_of_record
SF:lib/src/presentation/bloc/auth_state.dart
DA:5,7
DA:7,0
DA:8,0
DA:18,3
DA:20,0
DA:21,0
DA:29,1
DA:31,0
DA:32,0
LF:9
LH:3
end_of_record
SF:lib/src/domain/usecases/sign_in.dart
DA:8,0
DA:14,0
DA:16,0
DA:17,0
LF:4
LH:0
end_of_record
SF:lib/src/domain/usecases/sign_out.dart
DA:6,0
DA:8,0
DA:9,0
LF:3
LH:0
end_of_record
SF:lib/src/domain/usecases/sign_up.dart
DA:9,0
DA:19,0
DA:21,0
DA:22,0
LF:4
LH:0
end_of_record
SF:lib/src/presentation/bloc/auth_event.dart
DA:4,2
DA:6,0
DA:7,0
DA:14,2
DA:19,1
DA:20,3
DA:28,0
DA:34,0
DA:35,0
LF:9
LH:4
end_of_record
SF:lib/src/domain/entities/user.dart
DA:9,3
DA:16,0
DA:17,0
DA:19,0
DA:25,0
DA:26,0
DA:27,0
DA:28,0
DA:29,0
LF:9
LH:1
end_of_record
SF:lib/src/presentation/widgets/auth_text_field.dart
DA:14,5
DA:27,5
DA:29,5
DA:30,5
DA:31,5
DA:32,5
DA:33,5
DA:34,5
DA:35,1
DA:37,1
DA:38,2
DA:41,5
DA:42,5
DA:43,5
DA:45,5
LF:15
LH:15
end_of_record
SF:lib/src/presentation/pages/auth/signup_page.dart
DA:9,9
DA:11,1
DA:12,1
DA:24,0
DA:25,0
DA:26,0
DA:27,0
DA:28,0
DA:29,0
DA:32,1
DA:34,2
DA:35,2
DA:36,2
DA:37,2
DA:38,1
DA:41,1
DA:43,1
DA:44,1
DA:48,1
DA:49,1
DA:50,1
DA:51,0
DA:52,0
DA:53,0
DA:57,1
DA:59,0
DA:60,0
DA:67,0
DA:68,0
DA:71,0
DA:79,0
DA:80,0
DA:85,1
DA:86,1
DA:87,1
DA:88,1
DA:89,4
DA:94,1
DA:95,1
DA:96,1
DA:98,1
DA:107,1
DA:109,1
DA:112,0
DA:114,0
DA:115,0
DA:118,0
DA:119,0
DA:126,1
DA:128,1
DA:131,0
DA:133,0
DA:134,0
DA:137,0
DA:138,0
DA:141,0
DA:142,0
DA:149,1
DA:151,1
DA:153,1
DA:154,0
DA:156,0
DA:157,0
DA:160,1
DA:162,1
DA:163,1
DA:167,0
DA:168,0
DA:169,0
DA:173,0
DA:174,0
DA:177,0
DA:184,1
DA:186,1
DA:188,1
DA:189,0
DA:191,0
DA:192,0
DA:195,1
DA:198,1
DA:199,1
DA:203,0
DA:204,0
DA:205,0
DA:206,0
DA:210,0
DA:211,0
DA:214,0
DA:221,1
DA:225,1
DA:227,0
DA:228,0
DA:229,0
DA:230,0
DA:231,0
DA:232,0
DA:233,0
DA:241,1
DA:243,0
DA:244,0
DA:245,0
LF:101
LH:44
end_of_record
SF:lib/src/presentation/pages/pokemon_game/pokemon_game_page.dart
DA:14,2
DA:16,1
DA:18,1
DA:19,2
DA:20,1
DA:21,2
DA:22,1
DA:24,1
DA:25,1
DA:27,3
DA:28,2
DA:35,2
DA:37,1
DA:38,1
DA:42,1
DA:44,1
DA:45,1
DA:48,1
DA:51,0
DA:54,1
DA:55,1
DA:56,1
DA:57,2
DA:58,1
DA:59,2
DA:65,1
DA:66,1
DA:70,1
DA:71,0
DA:72,0
DA:73,1
DA:74,0
DA:75,0
DA:76,0
DA:77,0
DA:78,0
DA:80,1
DA:81,0
DA:82,0
DA:83,0
DA:84,0
DA:85,0
DA:86,0
DA:87,0
DA:89,1
DA:90,0
DA:91,1
DA:92,2
DA:94,1
DA:103,1
DA:122,0
DA:124,0
DA:126,0
DA:127,0
DA:129,0
DA:131,0
DA:132,0
DA:133,0
DA:135,0
DA:136,0
DA:155,0
DA:156,0
DA:163,0
DA:164,0
DA:165,0
DA:166,0
DA:167,0
DA:168,0
DA:172,0
DA:173,0
DA:174,0
DA:177,0
DA:181,0
DA:183,0
DA:184,0
DA:185,0
DA:187,0
DA:188,0
DA:190,0
DA:192,0
DA:210,0
DA:211,0
DA:212,0
DA:213,0
DA:214,0
DA:215,0
DA:216,0
DA:217,0
DA:218,0
DA:222,0
DA:223,0
DA:224,0
DA:226,0
DA:228,0
DA:229,0
DA:231,0
DA:232,0
DA:233,0
DA:240,0
DA:241,0
DA:250,0
DA:253,0
DA:254,0
DA:255,0
DA:257,0
DA:258,0
DA:276,0
DA:279,0
DA:280,0
DA:281,0
DA:285,0
DA:286,0
DA:287,0
DA:288,0
DA:291,0
DA:295,0
DA:297,0
DA:298,0
DA:299,0
DA:302,0
DA:303,0
DA:316,0
DA:317,0
DA:320,0
DA:321,0
DA:322,0
DA:326,0
DA:327,0
DA:328,0
DA:329,0
DA:332,0
DA:336,0
DA:338,0
DA:339,0
DA:340,0
DA:343,0
DA:344,0
DA:357,0
DA:358,0
DA:361,0
DA:362,0
DA:363,0
DA:367,0
DA:368,0
DA:369,0
DA:370,0
DA:373,0
DA:377,0
DA:379,0
DA:380,0
DA:381,0
DA:384,0
DA:385,0
DA:411,0
DA:418,0
DA:420,0
DA:421,0
DA:422,0
DA:423,0
DA:428,0
DA:430,0
DA:431,0
DA:432,0
DA:434,0
DA:435,0
DA:436,0
DA:440,0
DA:441,0
DA:442,0
DA:443,0
DA:446,0
DA:450,0
DA:452,0
DA:453,0
DA:454,0
DA:461,0
DA:464,0
DA:465,0
DA:466,0
DA:468,0
DA:469,0
DA:481,0
DA:482,0
DA:484,0
DA:485,0
DA:486,0
DA:487,0
DA:488,0
DA:489,0
DA:493,0
DA:494,0
DA:495,0
DA:498,0
DA:502,0
DA:503,0
DA:504,0
DA:505,0
DA:509,0
DA:510,0
DA:513,0
DA:514,0
DA:515,0
DA:528,0
DA:531,0
DA:532,0
DA:533,0
DA:537,0
DA:538,0
DA:539,0
DA:540,0
DA:543,0
DA:558,0
DA:559,0
DA:560,0
DA:561,0
DA:562,0
DA:563,0
DA:564,0
DA:565,0
DA:567,0
DA:569,0
DA:571,0
DA:572,0
DA:573,0
DA:578,0
DA:579,0
DA:580,0
DA:581,0
DA:584,0
DA:588,0
DA:589,0
DA:590,0
DA:591,0
DA:592,0
DA:593,0
DA:597,0
DA:598,0
DA:601,0
DA:632,0
DA:641,0
DA:643,0
DA:644,0
DA:645,0
DA:646,0
DA:651,0
DA:652,0
DA:654,0
DA:655,0
DA:656,0
DA:659,0
DA:660,0
DA:661,0
DA:665,0
DA:666,0
DA:667,0
DA:668,0
DA:671,0
DA:675,0
DA:677,0
DA:678,0
DA:679,0
DA:686,0
DA:689,0
DA:690,0
DA:691,0
DA:693,0
DA:694,0
DA:706,0
DA:707,0
DA:708,0
DA:709,0
DA:710,0
DA:711,0
DA:712,0
DA:713,0
DA:714,0
DA:718,0
DA:719,0
DA:720,0
DA:723,0
DA:727,0
DA:728,0
DA:729,0
DA:730,0
DA:734,0
DA:735,0
DA:738,0
DA:739,0
DA:740,0
DA:753,0
DA:755,0
DA:756,0
DA:757,0
DA:758,0
DA:759,0
DA:763,0
DA:764,0
DA:765,0
DA:766,0
DA:767,0
DA:768,0
DA:769,0
DA:772,0
DA:776,0
DA:777,0
DA:783,0
DA:786,0
DA:787,0
DA:788,0
DA:789,0
DA:790,0
DA:794,0
DA:795,0
DA:796,0
DA:797,0
DA:798,0
DA:799,0
DA:800,0
DA:803,0
DA:807,0
DA:808,0
DA:818,0
DA:820,0
DA:822,0
DA:823,0
DA:824,0
DA:825,0
DA:828,0
DA:832,0
DA:833,0
DA:834,0
DA:843,0
DA:844,0
DA:851,0
DA:855,0
DA:863,0
DA:864,0
DA:876,0
DA:879,0
DA:880,0
DA:881,0
DA:882,0
DA:883,0
DA:887,0
DA:888,0
DA:889,0
DA:890,0
DA:891,0
DA:892,0
DA:893,0
DA:896,0
DA:900,0
DA:901,0
DA:902,0
DA:903,0
DA:904,0
DA:907,0
DA:908,0
DA:911,0
DA:912,0
DA:940,0
DA:942,0
DA:944,0
DA:945,0
DA:947,0
DA:949,0
DA:958,0
DA:959,0
DA:963,0
DA:964,0
DA:968,0
DA:969,0
DA:970,0
DA:971,0
DA:976,0
DA:977,0
DA:990,1
DA:992,1
DA:994,1
DA:995,1
DA:997,1
DA:1000,3
DA:1002,1
DA:1003,0
DA:1004,0
LF:385
LH:41
end_of_record
SF:lib/src/data/datasources/pokemon_remote_datasource.dart
DA:8,1
DA:11,3
DA:13,1
DA:15,2
DA:16,3
DA:18,2
DA:19,0
DA:20,0
DA:22,2
DA:28,2
DA:32,0
DA:34,0
DA:36,0
DA:37,0
DA:38,0
DA:40,0
DA:43,0
DA:47,0
DA:49,0
DA:51,0
DA:52,0
DA:53,0
DA:55,0
DA:56,0
DA:57,0
DA:58,0
DA:59,0
DA:60,0
DA:65,0
DA:68,0
DA:72,1
DA:76,4
LF:32
LH:10
end_of_record
SF:lib/src/domain/usecases/save_game_score.dart
DA:7,1
DA:9,0
DA:10,0
LF:3
LH:1
end_of_record
SF:lib/src/presentation/bloc/pokemon_game_bloc.dart
DA:22,1
DA:27,2
DA:28,2
DA:29,2
DA:30,2
DA:31,2
DA:32,2
DA:33,2
DA:34,2
DA:35,2
DA:38,1
DA:42,2
DA:44,2
DA:46,0
DA:47,0
DA:49,3
DA:53,0
DA:59,0
DA:61,0
DA:62,0
DA:63,0
DA:66,0
DA:70,0
DA:74,0
DA:75,0
DA:79,0
DA:82,0
DA:85,0
DA:86,0
DA:87,0
DA:91,0
DA:92,0
DA:93,0
DA:94,0
DA:95,0
DA:96,0
DA:100,0
DA:101,0
DA:103,0
DA:104,0
DA:107,0
DA:110,0
DA:114,0
DA:115,0
DA:116,0
DA:119,0
DA:120,0
DA:122,0
DA:123,0
DA:127,0
DA:128,0
DA:129,0
DA:130,0
DA:131,0
DA:133,0
DA:141,0
DA:142,0
DA:146,0
DA:147,0
DA:148,0
DA:151,0
DA:152,0
DA:153,0
DA:154,0
DA:155,0
DA:158,0
DA:163,0
DA:174,0
DA:175,0
DA:176,0
DA:177,0
DA:180,0
DA:185,0
DA:186,0
DA:190,0
DA:191,0
DA:195,0
DA:199,0
DA:200,0
DA:202,0
DA:203,0
DA:206,0
DA:210,0
DA:211,0
DA:212,0
DA:213,0
DA:214,0
DA:215,0
DA:216,0
DA:220,0
DA:222,0
DA:223,0
DA:224,0
DA:226,0
DA:230,0
DA:234,0
DA:235,0
DA:241,0
DA:242,0
DA:243,0
DA:244,0
DA:245,0
DA:246,0
DA:251,0
DA:253,0
DA:254,0
DA:255,0
DA:256,0
DA:257,0
DA:258,0
DA:261,0
DA:264,0
DA:266,0
DA:267,0
DA:268,0
DA:273,0
DA:277,0
DA:278,0
DA:281,0
DA:283,0
DA:285,0
DA:289,0
DA:293,0
DA:294,0
DA:297,0
DA:300,0
DA:301,0
DA:302,0
DA:306,0
DA:307,0
DA:308,0
DA:309,0
DA:310,0
DA:311,0
DA:319,0
DA:321,0
DA:322,0
DA:324,0
DA:326,0
DA:328,0
DA:330,0
DA:331,0
DA:332,0
DA:335,0
DA:336,0
DA:337,0
DA:339,0
DA:340,0
DA:341,0
DA:347,0
DA:350,0
DA:351,0
DA:352,0
DA:353,0
DA:354,0
DA:355,0
DA:358,0
DA:361,0
DA:364,0
DA:365,0
DA:369,0
DA:373,0
DA:377,0
DA:378,0
DA:379,0
LF:165
LH:14
end_of_record
SF:lib/src/presentation/bloc/pokemon_game_event.dart
DA:4,1
DA:6,0
DA:7,0
DA:17,0
DA:19,0
DA:20,0
DA:26,0
DA:28,0
DA:29,0
LF:9
LH:1
end_of_record
SF:lib/src/presentation/bloc/pokemon_game_state.dart
DA:6,1
DA:8,0
DA:9,0
DA:20,0
DA:22,0
DA:23,0
DA:32,0
DA:39,0
DA:41,0
DA:43,0
DA:45,0
DA:56,0
DA:65,0
DA:66,0
DA:67,0
DA:68,0
DA:69,0
DA:70,0
DA:71,0
DA:72,0
DA:79,0
DA:81,0
DA:82,0
DA:88,1
DA:90,0
DA:91,0
LF:26
LH:2
end_of_record
SF:lib/src/data/models/pokemon_model.dart
DA:9,0
DA:18,0
DA:19,0
DA:20,0
DA:21,0
DA:23,0
DA:24,0
DA:25,0
DA:27,0
DA:28,0
DA:29,0
DA:33,0
DA:34,0
DA:35,0
DA:36,0
DA:37,0
DA:38,0
DA:39,0
DA:40,0
DA:44,0
LF:20
LH:0
end_of_record
SF:lib/src/data/repositories/pokemon_repository_impl.dart
DA:12,1
DA:14,0
DA:17,0
DA:18,0
DA:20,0
DA:21,0
DA:22,0
DA:23,0
DA:24,0
DA:25,0
DA:26,0
DA:27,0
DA:28,0
DA:29,0
DA:30,0
DA:31,0
DA:33,0
DA:36,0
DA:37,0
DA:39,0
DA:43,0
DA:46,0
DA:47,0
DA:50,0
DA:51,0
DA:52,0
DA:53,0
DA:54,0
DA:55,0
DA:56,0
DA:59,0
DA:62,0
DA:63,0
DA:64,0
DA:65,0
DA:67,0
DA:69,0
DA:71,0
DA:72,0
DA:74,0
DA:77,0
DA:84,0
DA:87,0
DA:88,0
DA:90,0
DA:91,0
DA:92,0
DA:93,0
DA:94,0
DA:96,0
DA:98,0
DA:101,0
DA:103,0
DA:104,0
DA:105,0
DA:107,0
LF:56
LH:1
end_of_record
SF:lib/src/domain/entities/pokemon_game.dart
DA:11,0
DA:20,0
DA:31,0
LF:3
LH:0
end_of_record
SF:lib/src/presentation/pages/main/main_page.dart
DA:10,1
DA:12,1
DA:14,1
DA:15,1
DA:18,1
DA:19,1
DA:22,0
DA:23,0
DA:28,1
DA:29,1
DA:30,1
DA:31,0
DA:32,0
DA:33,0
DA:37,1
DA:38,1
DA:39,1
DA:41,1
DA:43,1
DA:51,1
DA:52,3
DA:53,1
DA:60,1
DA:61,2
DA:62,1
DA:69,1
DA:71,1
DA:73,0
DA:74,0
DA:76,0
DA:77,0
DA:83,1
LF:32
LH:23
end_of_record
